Analysis & Synthesis report for seg_driver
Thu Sep 05 10:10:10 2019
Quartus II 64-Bit Version 13.0.1 Build 232 06/12/2013 Service Pack 1 SJ Full Version


---------------------
; Table of Contents ;
---------------------
  1. Legal Notice
  2. Analysis & Synthesis Summary
  3. Analysis & Synthesis Settings
  4. Parallel Compilation
  5. Analysis & Synthesis Source Files Read
  6. Analysis & Synthesis Resource Usage Summary
  7. Analysis & Synthesis Resource Utilization by Entity
  8. State Machine - |seg_driver|seg7:seg7_dut|state
  9. Registers Removed During Synthesis
 10. Removed Registers Triggering Further Register Optimizations
 11. General Register Statistics
 12. Inverted Register Statistics
 13. Multiplexer Restructuring Statistics (Restructuring Performed)
 14. Parameter Settings for User Entity Instance: freq:freq_dut
 15. Parameter Settings for User Entity Instance: shift_data:shift_data_dut
 16. Elapsed Time Per Partition
 17. Analysis & Synthesis Messages
 18. Analysis & Synthesis Suppressed Messages



----------------
; Legal Notice ;
----------------
Copyright (C) 1991-2013 Altera Corporation
Your use of Altera Corporation's design tools, logic functions 
and other software and tools, and its AMPP partner logic 
functions, and any output files from any of the foregoing 
(including device programming or simulation files), and any 
associated documentation or information are expressly subject 
to the terms and conditions of the Altera Program License 
Subscription Agreement, Altera MegaCore Function License 
Agreement, or other applicable license agreement, including, 
without limitation, that your use is for the sole purpose of 
programming logic devices manufactured by Altera and sold by 
Altera or its authorized distributors.  Please refer to the 
applicable agreement for further details.



+---------------------------------------------------------------------------------------+
; Analysis & Synthesis Summary                                                          ;
+------------------------------------+--------------------------------------------------+
; Analysis & Synthesis Status        ; Successful - Thu Sep 05 10:10:10 2019            ;
; Quartus II 64-Bit Version          ; 13.0.1 Build 232 06/12/2013 SP 1 SJ Full Version ;
; Revision Name                      ; seg_driver                                       ;
; Top-level Entity Name              ; seg_driver                                       ;
; Family                             ; Cyclone IV E                                     ;
; Total logic elements               ; 115                                              ;
;     Total combinational functions  ; 107                                              ;
;     Dedicated logic registers      ; 79                                               ;
; Total registers                    ; 79                                               ;
; Total pins                         ; 13                                               ;
; Total virtual pins                 ; 0                                                ;
; Total memory bits                  ; 0                                                ;
; Embedded Multiplier 9-bit elements ; 0                                                ;
; Total PLLs                         ; 0                                                ;
+------------------------------------+--------------------------------------------------+


+----------------------------------------------------------------------------------------------------------------------+
; Analysis & Synthesis Settings                                                                                        ;
+----------------------------------------------------------------------------+--------------------+--------------------+
; Option                                                                     ; Setting            ; Default Value      ;
+----------------------------------------------------------------------------+--------------------+--------------------+
; Device                                                                     ; EP4CE10F17C8       ;                    ;
; Top-level entity name                                                      ; seg_driver         ; seg_driver         ;
; Family name                                                                ; Cyclone IV E       ; Cyclone IV GX      ;
; Use smart compilation                                                      ; Off                ; Off                ;
; Enable parallel Assembler and TimeQuest Timing Analyzer during compilation ; On                 ; On                 ;
; Enable compact report table                                                ; Off                ; Off                ;
; Restructure Multiplexers                                                   ; Auto               ; Auto               ;
; Create Debugging Nodes for IP Cores                                        ; Off                ; Off                ;
; Preserve fewer node names                                                  ; On                 ; On                 ;
; Disable OpenCore Plus hardware evaluation                                  ; Off                ; Off                ;
; Verilog Version                                                            ; Verilog_2001       ; Verilog_2001       ;
; VHDL Version                                                               ; VHDL_1993          ; VHDL_1993          ;
; State Machine Processing                                                   ; Auto               ; Auto               ;
; Safe State Machine                                                         ; Off                ; Off                ;
; Extract Verilog State Machines                                             ; On                 ; On                 ;
; Extract VHDL State Machines                                                ; On                 ; On                 ;
; Ignore Verilog initial constructs                                          ; Off                ; Off                ;
; Iteration limit for constant Verilog loops                                 ; 5000               ; 5000               ;
; Iteration limit for non-constant Verilog loops                             ; 250                ; 250                ;
; Add Pass-Through Logic to Inferred RAMs                                    ; On                 ; On                 ;
; Infer RAMs from Raw Logic                                                  ; On                 ; On                 ;
; Parallel Synthesis                                                         ; On                 ; On                 ;
; DSP Block Balancing                                                        ; Auto               ; Auto               ;
; NOT Gate Push-Back                                                         ; On                 ; On                 ;
; Power-Up Don't Care                                                        ; On                 ; On                 ;
; Remove Redundant Logic Cells                                               ; Off                ; Off                ;
; Remove Duplicate Registers                                                 ; On                 ; On                 ;
; Ignore CARRY Buffers                                                       ; Off                ; Off                ;
; Ignore CASCADE Buffers                                                     ; Off                ; Off                ;
; Ignore GLOBAL Buffers                                                      ; Off                ; Off                ;
; Ignore ROW GLOBAL Buffers                                                  ; Off                ; Off                ;
; Ignore LCELL Buffers                                                       ; Off                ; Off                ;
; Ignore SOFT Buffers                                                        ; On                 ; On                 ;
; Limit AHDL Integers to 32 Bits                                             ; Off                ; Off                ;
; Optimization Technique                                                     ; Balanced           ; Balanced           ;
; Carry Chain Length                                                         ; 70                 ; 70                 ;
; Auto Carry Chains                                                          ; On                 ; On                 ;
; Auto Open-Drain Pins                                                       ; On                 ; On                 ;
; Perform WYSIWYG Primitive Resynthesis                                      ; Off                ; Off                ;
; Auto ROM Replacement                                                       ; On                 ; On                 ;
; Auto RAM Replacement                                                       ; On                 ; On                 ;
; Auto DSP Block Replacement                                                 ; On                 ; On                 ;
; Auto Shift Register Replacement                                            ; Auto               ; Auto               ;
; Allow Shift Register Merging across Hierarchies                            ; Auto               ; Auto               ;
; Auto Clock Enable Replacement                                              ; On                 ; On                 ;
; Strict RAM Replacement                                                     ; Off                ; Off                ;
; Allow Synchronous Control Signals                                          ; On                 ; On                 ;
; Force Use of Synchronous Clear Signals                                     ; Off                ; Off                ;
; Auto RAM Block Balancing                                                   ; On                 ; On                 ;
; Auto RAM to Logic Cell Conversion                                          ; Off                ; Off                ;
; Auto Resource Sharing                                                      ; Off                ; Off                ;
; Allow Any RAM Size For Recognition                                         ; Off                ; Off                ;
; Allow Any ROM Size For Recognition                                         ; Off                ; Off                ;
; Allow Any Shift Register Size For Recognition                              ; Off                ; Off                ;
; Use LogicLock Constraints during Resource Balancing                        ; On                 ; On                 ;
; Ignore translate_off and synthesis_off directives                          ; Off                ; Off                ;
; Timing-Driven Synthesis                                                    ; On                 ; On                 ;
; Report Parameter Settings                                                  ; On                 ; On                 ;
; Report Source Assignments                                                  ; On                 ; On                 ;
; Report Connectivity Checks                                                 ; On                 ; On                 ;
; Ignore Maximum Fan-Out Assignments                                         ; Off                ; Off                ;
; Synchronization Register Chain Length                                      ; 2                  ; 2                  ;
; PowerPlay Power Optimization                                               ; Normal compilation ; Normal compilation ;
; HDL message level                                                          ; Level2             ; Level2             ;
; Suppress Register Optimization Related Messages                            ; Off                ; Off                ;
; Number of Removed Registers Reported in Synthesis Report                   ; 5000               ; 5000               ;
; Number of Swept Nodes Reported in Synthesis Report                         ; 5000               ; 5000               ;
; Number of Inverted Registers Reported in Synthesis Report                  ; 100                ; 100                ;
; Clock MUX Protection                                                       ; On                 ; On                 ;
; Auto Gated Clock Conversion                                                ; Off                ; Off                ;
; Block Design Naming                                                        ; Auto               ; Auto               ;
; SDC constraint protection                                                  ; Off                ; Off                ;
; Synthesis Effort                                                           ; Auto               ; Auto               ;
; Shift Register Replacement - Allow Asynchronous Clear Signal               ; On                 ; On                 ;
; Pre-Mapping Resynthesis Optimization                                       ; Off                ; Off                ;
; Analysis & Synthesis Message Level                                         ; Medium             ; Medium             ;
; Disable Register Merging Across Hierarchies                                ; Auto               ; Auto               ;
; Resource Aware Inference For Block RAM                                     ; On                 ; On                 ;
; Synthesis Seed                                                             ; 1                  ; 1                  ;
+----------------------------------------------------------------------------+--------------------+--------------------+


+------------------------------------------+
; Parallel Compilation                     ;
+----------------------------+-------------+
; Processors                 ; Number      ;
+----------------------------+-------------+
; Number detected on machine ; 4           ;
; Maximum allowed            ; 2           ;
;                            ;             ;
; Average used               ; 1.00        ;
; Maximum used               ; 1           ;
;                            ;             ;
; Usage by Processor         ; % Time Used ;
;     Processor 1            ; 100.0%      ;
;     Processors 2-4         ;   0.0%      ;
+----------------------------+-------------+


+-----------------------------------------------------------------------------------------------------------------------------+
; Analysis & Synthesis Source Files Read                                                                                      ;
+----------------------------------+-----------------+------------------------+-------------------------------------+---------+
; File Name with User-Entered Path ; Used in Netlist ; File Type              ; File Name with Absolute Path        ; Library ;
+----------------------------------+-----------------+------------------------+-------------------------------------+---------+
; ../src/freq.v                    ; yes             ; User Verilog HDL File  ; D:/FPGA/seg_driver/src/freq.v       ;         ;
; ../src/seg_driver.v              ; yes             ; User Verilog HDL File  ; D:/FPGA/seg_driver/src/seg_driver.v ;         ;
; ../src/seg7.v                    ; yes             ; User Verilog HDL File  ; D:/FPGA/seg_driver/src/seg7.v       ;         ;
; ../src/shift_data.v              ; yes             ; User Verilog HDL File  ; D:/FPGA/seg_driver/src/shift_data.v ;         ;
+----------------------------------+-----------------+------------------------+-------------------------------------+---------+


+-----------------------------------------------------------+
; Analysis & Synthesis Resource Usage Summary               ;
+---------------------------------------------+-------------+
; Resource                                    ; Usage       ;
+---------------------------------------------+-------------+
; Estimated Total logic elements              ; 115         ;
;                                             ;             ;
; Total combinational functions               ; 107         ;
; Logic element usage by number of LUT inputs ;             ;
;     -- 4 input functions                    ; 32          ;
;     -- 3 input functions                    ; 8           ;
;     -- <=2 input functions                  ; 67          ;
;                                             ;             ;
; Logic elements by mode                      ;             ;
;     -- normal mode                          ; 51          ;
;     -- arithmetic mode                      ; 56          ;
;                                             ;             ;
; Total registers                             ; 79          ;
;     -- Dedicated logic registers            ; 79          ;
;     -- I/O registers                        ; 0           ;
;                                             ;             ;
; I/O pins                                    ; 13          ;
; Embedded Multiplier 9-bit elements          ; 0           ;
; Maximum fan-out node                        ; rst_n~input ;
; Maximum fan-out                             ; 84          ;
; Total fan-out                               ; 604         ;
; Average fan-out                             ; 2.85        ;
+---------------------------------------------+-------------+


+---------------------------------------------------------------------------------------------------------------------------------------------------------------------------------------------------+
; Analysis & Synthesis Resource Utilization by Entity                                                                                                                                               ;
+--------------------------------+-------------------+--------------+-------------+--------------+---------+-----------+------+--------------+---------------------------------------+--------------+
; Compilation Hierarchy Node     ; LC Combinationals ; LC Registers ; Memory Bits ; DSP Elements ; DSP 9x9 ; DSP 18x18 ; Pins ; Virtual Pins ; Full Hierarchy Name                   ; Library Name ;
+--------------------------------+-------------------+--------------+-------------+--------------+---------+-----------+------+--------------+---------------------------------------+--------------+
; |seg_driver                    ; 107 (0)           ; 79 (0)       ; 0           ; 0            ; 0       ; 0         ; 13   ; 0            ; |seg_driver                           ; work         ;
;    |freq:freq_dut|             ; 36 (36)           ; 27 (27)      ; 0           ; 0            ; 0       ; 0         ; 0    ; 0            ; |seg_driver|freq:freq_dut             ; work         ;
;    |seg7:seg7_dut|             ; 20 (20)           ; 12 (12)      ; 0           ; 0            ; 0       ; 0         ; 0    ; 0            ; |seg_driver|seg7:seg7_dut             ; work         ;
;    |shift_data:shift_data_dut| ; 51 (51)           ; 40 (40)      ; 0           ; 0            ; 0       ; 0         ; 0    ; 0            ; |seg_driver|shift_data:shift_data_dut ; work         ;
+--------------------------------+-------------------+--------------+-------------+--------------+---------+-----------+------+--------------+---------------------------------------+--------------+
Note: For table entries with two numbers listed, the numbers in parentheses indicate the number of resources of the given type used by the specific entity alone. The numbers listed outside of parentheses indicate the total resources of the given type used by the specific entity and all of its sub-entities in the hierarchy.


Encoding Type:  One-Hot
+-----------------------------------------------------------------------------------+
; State Machine - |seg_driver|seg7:seg7_dut|state                                   ;
+-----------+-----------+-----------+-----------+-----------+-----------+-----------+
; Name      ; state.101 ; state.100 ; state.011 ; state.010 ; state.001 ; state.000 ;
+-----------+-----------+-----------+-----------+-----------+-----------+-----------+
; state.000 ; 0         ; 0         ; 0         ; 0         ; 0         ; 0         ;
; state.001 ; 0         ; 0         ; 0         ; 0         ; 1         ; 1         ;
; state.010 ; 0         ; 0         ; 0         ; 1         ; 0         ; 1         ;
; state.011 ; 0         ; 0         ; 1         ; 0         ; 0         ; 1         ;
; state.100 ; 0         ; 1         ; 0         ; 0         ; 0         ; 1         ;
; state.101 ; 1         ; 0         ; 0         ; 0         ; 0         ; 1         ;
+-----------+-----------+-----------+-----------+-----------+-----------+-----------+


+-------------------------------------------------------------------------------------------------------+
; Registers Removed During Synthesis                                                                    ;
+--------------------------------------------------+----------------------------------------------------+
; Register name                                    ; Reason for Removal                                 ;
+--------------------------------------------------+----------------------------------------------------+
; shift_data:shift_data_dut|data_out[8,16]         ; Merged with shift_data:shift_data_dut|data_out[0]  ;
; shift_data:shift_data_dut|data_out[3,7,15,19,23] ; Merged with shift_data:shift_data_dut|data_out[11] ;
; shift_data:shift_data_dut|data_out[5]            ; Merged with shift_data:shift_data_dut|data_out[22] ;
; shift_data:shift_data_dut|data_out[21]           ; Merged with shift_data:shift_data_dut|data_out[14] ;
; shift_data:shift_data_dut|data_out[4,20]         ; Merged with shift_data:shift_data_dut|data_out[12] ;
; shift_data:shift_data_dut|data_out[1]            ; Merged with shift_data:shift_data_dut|data_out[18] ;
; shift_data:shift_data_dut|data_out[17]           ; Merged with shift_data:shift_data_dut|data_out[10] ;
; shift_data:shift_data_dut|data_out[6]            ; Merged with shift_data:shift_data_dut|data_out[13] ;
; shift_data:shift_data_dut|data_out[9]            ; Merged with shift_data:shift_data_dut|data_out[2]  ;
; shift_data:shift_data_dut|data_out[11]           ; Stuck at GND due to stuck port data_in             ;
; seg7:seg7_dut|temp[3]                            ; Stuck at GND due to stuck port data_in             ;
; seg7:seg7_dut|state~4                            ; Lost fanout                                        ;
; seg7:seg7_dut|state~5                            ; Lost fanout                                        ;
; seg7:seg7_dut|state~6                            ; Lost fanout                                        ;
; Total Number of Removed Registers = 20           ;                                                    ;
+--------------------------------------------------+----------------------------------------------------+


+-------------------------------------------------------------------------------------------------------------+
; Removed Registers Triggering Further Register Optimizations                                                 ;
+----------------------------------------+---------------------------+----------------------------------------+
; Register name                          ; Reason for Removal        ; Registers Removed due to This Register ;
+----------------------------------------+---------------------------+----------------------------------------+
; shift_data:shift_data_dut|data_out[11] ; Stuck at GND              ; seg7:seg7_dut|temp[3]                  ;
;                                        ; due to stuck port data_in ;                                        ;
+----------------------------------------+---------------------------+----------------------------------------+


+------------------------------------------------------+
; General Register Statistics                          ;
+----------------------------------------------+-------+
; Statistic                                    ; Value ;
+----------------------------------------------+-------+
; Total registers                              ; 79    ;
; Number of registers using Synchronous Clear  ; 58    ;
; Number of registers using Synchronous Load   ; 0     ;
; Number of registers using Asynchronous Clear ; 79    ;
; Number of registers using Asynchronous Load  ; 0     ;
; Number of registers using Clock Enable       ; 8     ;
; Number of registers using Preset             ; 0     ;
+----------------------------------------------+-------+


+--------------------------------------------------+
; Inverted Register Statistics                     ;
+----------------------------------------+---------+
; Inverted Register                      ; Fan out ;
+----------------------------------------+---------+
; shift_data:shift_data_dut|data_out[0]  ; 2       ;
; shift_data:shift_data_dut|data_out[13] ; 3       ;
; shift_data:shift_data_dut|data_out[2]  ; 3       ;
; Total number of inverted registers = 3 ;         ;
+----------------------------------------+---------+


+-------------------------------------------------------------------------------------------------------------------------------------------------+
; Multiplexer Restructuring Statistics (Restructuring Performed)                                                                                  ;
+--------------------+-----------+---------------+----------------------+------------------------+------------+-----------------------------------+
; Multiplexer Inputs ; Bus Width ; Baseline Area ; Area if Restructured ; Saving if Restructured ; Registered ; Example Multiplexer Output        ;
+--------------------+-----------+---------------+----------------------+------------------------+------------+-----------------------------------+
; 6:1                ; 2 bits    ; 8 LEs         ; 8 LEs                ; 0 LEs                  ; Yes        ; |seg_driver|seg7:seg7_dut|temp[1] ;
+--------------------+-----------+---------------+----------------------+------------------------+------------+-----------------------------------+


+------------------------------------------------------------+
; Parameter Settings for User Entity Instance: freq:freq_dut ;
+----------------+-------+-----------------------------------+
; Parameter Name ; Value ; Type                              ;
+----------------+-------+-----------------------------------+
; cnt_num        ; 24999 ; Signed Integer                    ;
+----------------+-------+-----------------------------------+
Note: In order to hide this table in the UI and the text report file, please set the "Show Parameter Settings in Synthesis Report" option in "Analysis and Synthesis Settings -> More Settings" to "Off".


+------------------------------------------------------------------------+
; Parameter Settings for User Entity Instance: shift_data:shift_data_dut ;
+----------------+----------+--------------------------------------------+
; Parameter Name ; Value    ; Type                                       ;
+----------------+----------+--------------------------------------------+
; cnt_num        ; 49999999 ; Signed Integer                             ;
+----------------+----------+--------------------------------------------+
Note: In order to hide this table in the UI and the text report file, please set the "Show Parameter Settings in Synthesis Report" option in "Analysis and Synthesis Settings -> More Settings" to "Off".


+-------------------------------+
; Elapsed Time Per Partition    ;
+----------------+--------------+
; Partition Name ; Elapsed Time ;
+----------------+--------------+
; Top            ; 00:00:00     ;
+----------------+--------------+


+-------------------------------+
; Analysis & Synthesis Messages ;
+-------------------------------+
Info: *******************************************************************
Info: Running Quartus II 64-Bit Analysis & Synthesis
    Info: Version 13.0.1 Build 232 06/12/2013 Service Pack 1 SJ Full Version
    Info: Processing started: Thu Sep 05 10:10:07 2019
Info: Command: quartus_map --read_settings_files=on --write_settings_files=off seg_driver -c seg_driver
Info (11104): Parallel Compilation has detected 4 hyper-threaded processors. However, the extra hyper-threaded processors will not be used by default. Parallel Compilation will use 2 of the 2 physical processors detected instead.
Info (12021): Found 1 design units, including 1 entities, in source file /fpga/seg_driver/src/freq.v
    Info (12023): Found entity 1: freq
Warning (10238): Verilog Module Declaration warning at seg_driver.v(2): ignored anonymous port(s) indicated by duplicate or dangling comma(s) in the port list for module "seg_driver"
Info (12021): Found 1 design units, including 1 entities, in source file /fpga/seg_driver/src/seg_driver.v
    Info (12023): Found entity 1: seg_driver
Info (12021): Found 1 design units, including 1 entities, in source file /fpga/seg_driver/src/seg7.v
    Info (12023): Found entity 1: seg7
Info (12021): Found 1 design units, including 1 entities, in source file /fpga/seg_driver/sim/seg_driver_tb1.v
    Info (12023): Found entity 1: seg_driver_tb1
Info (12021): Found 1 design units, including 1 entities, in source file /fpga/seg_driver/sim/seg_driver_tb.v
    Info (12023): Found entity 1: seg_driver_tb
Info (12021): Found 1 design units, including 1 entities, in source file /fpga/seg_driver/src/shift_data.v
    Info (12023): Found entity 1: shift_data
Warning (10236): Verilog HDL Implicit Net warning at shift_data.v(32): created implicit net for "flag"
Info (12127): Elaborating entity "seg_driver" for the top level hierarchy
Info (12128): Elaborating entity "freq" for hierarchy "freq:freq_dut"
Info (12128): Elaborating entity "shift_data" for hierarchy "shift_data:shift_data_dut"
Info (12128): Elaborating entity "seg7" for hierarchy "seg7:seg7_dut"
Info (13000): Registers with preset signals will power-up high
Info (13003): DEV_CLRn pin will set, and not reset, register with preset signal due to NOT Gate Push-Back
Warning (13024): Output pins are stuck at VCC or GND
    Warning (13410): Pin "seg[7]" is stuck at VCC
Info (286030): Timing-Driven Synthesis is running
Info (17049): 3 registers lost all their fanouts during netlist optimizations.
Info (144001): Generated suppressed messages file D:/FPGA/seg_driver/prj/output_files/seg_driver.map.smsg
Info (16010): Generating hard_block partition "hard_block:auto_generated_inst"
    Info (16011): Adding 0 node(s), including 0 DDIO, 0 PLL, 0 transceiver and 0 LCELL
Info (21057): Implemented 129 device resources after synthesis - the final resource count might be different
    Info (21058): Implemented 2 input pins
    Info (21059): Implemented 11 output pins
    Info (21061): Implemented 116 logic cells
Info: Quartus II 64-Bit Analysis & Synthesis was successful. 0 errors, 4 warnings
    Info: Peak virtual memory: 4593 megabytes
    Info: Processing ended: Thu Sep 05 10:10:10 2019
    Info: Elapsed time: 00:00:03
    Info: Total CPU time (on all processors): 00:00:02


+------------------------------------------+
; Analysis & Synthesis Suppressed Messages ;
+------------------------------------------+
The suppressed messages can be found in D:/FPGA/seg_driver/prj/output_files/seg_driver.map.smsg.


