Flow report for led_driver
Wed Sep 04 10:54:00 2019
Quartus II 64-Bit Version 13.0.1 Build 232 06/12/2013 Service Pack 1 SJ Full Version


---------------------
; Table of Contents ;
---------------------
  1. Legal Notice
  2. Flow Summary
  3. Flow Settings
  4. Flow Non-Default Global Settings
  5. Flow Elapsed Time
  6. Flow OS Summary
  7. Flow Log
  8. Flow Messages
  9. Flow Suppressed Messages



----------------
; Legal Notice ;
----------------
Copyright (C) 1991-2013 Altera Corporation
Your use of Altera Corporation's design tools, logic functions 
and other software and tools, and its AMPP partner logic 
functions, and any output files from any of the foregoing 
(including device programming or simulation files), and any 
associated documentation or information are expressly subject 
to the terms and conditions of the Altera Program License 
Subscription Agreement, Altera MegaCore Function License 
Agreement, or other applicable license agreement, including, 
without limitation, that your use is for the sole purpose of 
programming logic devices manufactured by Altera and sold by 
Altera or its authorized distributors.  Please refer to the 
applicable agreement for further details.



+---------------------------------------------------------------------------------------+
; Flow Summary                                                                          ;
+------------------------------------+--------------------------------------------------+
; Flow Status                        ; Successful - Wed Sep 04 10:54:00 2019            ;
; Quartus II 64-Bit Version          ; 13.0.1 Build 232 06/12/2013 SP 1 SJ Full Version ;
; Revision Name                      ; led_driver                                       ;
; Top-level Entity Name              ; led_driver                                       ;
; Family                             ; Cyclone IV E                                     ;
; Device                             ; EP4CE10F17C8                                     ;
; Timing Models                      ; Final                                            ;
; Total logic elements               ; 543 / 10,320 ( 5 % )                             ;
;     Total combinational functions  ; 387 / 10,320 ( 4 % )                             ;
;     Dedicated logic registers      ; 409 / 10,320 ( 4 % )                             ;
; Total registers                    ; 409                                              ;
; Total pins                         ; 6 / 180 ( 3 % )                                  ;
; Total virtual pins                 ; 0                                                ;
; Total memory bits                  ; 1,280 / 423,936 ( < 1 % )                        ;
; Embedded Multiplier 9-bit elements ; 0 / 46 ( 0 % )                                   ;
; Total PLLs                         ; 0 / 2 ( 0 % )                                    ;
+------------------------------------+--------------------------------------------------+


+-----------------------------------------+
; Flow Settings                           ;
+-------------------+---------------------+
; Option            ; Setting             ;
+-------------------+---------------------+
; Start date & time ; 09/04/2019 10:53:28 ;
; Main task         ; Compilation         ;
; Revision Name     ; led_driver          ;
+-------------------+---------------------+


+--------------------------------------------------------------------------------------------------------------------------------------------------+
; Flow Non-Default Global Settings                                                                                                                 ;
+--------------------------------------+----------------------------------------------------------+---------------+-------------+------------------+
; Assignment Name                      ; Value                                                    ; Default Value ; Entity Name ; Section Id       ;
+--------------------------------------+----------------------------------------------------------+---------------+-------------+------------------+
; COMPILER_SIGNATURE_ID                ; 35296146315804.156756560806088                           ; --            ; --          ; --               ;
; EDA_DESIGN_INSTANCE_NAME             ; NA                                                       ; --            ; --          ; led_driver_tb    ;
; EDA_NATIVELINK_SIMULATION_TEST_BENCH ; led_driver_tb                                            ; --            ; --          ; eda_simulation   ;
; EDA_OUTPUT_DATA_FORMAT               ; Verilog Hdl                                              ; --            ; --          ; eda_simulation   ;
; EDA_SIMULATION_TOOL                  ; ModelSim-Altera (Verilog)                                ; <None>        ; --          ; --               ;
; EDA_TEST_BENCH_ENABLE_STATUS         ; TEST_BENCH_MODE                                          ; --            ; --          ; eda_simulation   ;
; EDA_TEST_BENCH_FILE                  ; ../sim/led_driver_tb.v                                   ; --            ; --          ; led_driver_tb    ;
; EDA_TEST_BENCH_MODULE_NAME           ; led_driver_tb                                            ; --            ; --          ; led_driver_tb    ;
; EDA_TEST_BENCH_NAME                  ; led_driver_tb                                            ; --            ; --          ; eda_simulation   ;
; EDA_TIME_SCALE                       ; 1 ps                                                     ; --            ; --          ; eda_simulation   ;
; ENABLE_SIGNALTAP                     ; On                                                       ; --            ; --          ; --               ;
; MAX_CORE_JUNCTION_TEMP               ; 85                                                       ; --            ; --          ; --               ;
; MIN_CORE_JUNCTION_TEMP               ; 0                                                        ; --            ; --          ; --               ;
; PARTITION_COLOR                      ; 16764057                                                 ; --            ; --          ; Top              ;
; PARTITION_FITTER_PRESERVATION_LEVEL  ; PLACEMENT_AND_ROUTING                                    ; --            ; --          ; Top              ;
; PARTITION_NETLIST_TYPE               ; SOURCE                                                   ; --            ; --          ; Top              ;
; POWER_BOARD_THERMAL_MODEL            ; None (CONSERVATIVE)                                      ; --            ; --          ; --               ;
; POWER_PRESET_COOLING_SOLUTION        ; 23 MM HEAT SINK WITH 200 LFPM AIRFLOW                    ; --            ; --          ; --               ;
; PROJECT_OUTPUT_DIRECTORY             ; output_files                                             ; --            ; --          ; --               ;
; SLD_FILE                             ; D:/fpga_neuq/led_driver/prj/led_driver_auto_stripped.stp ; --            ; --          ; --               ;
; SLD_NODE_CREATOR_ID                  ; 110                                                      ; --            ; --          ; auto_signaltap_0 ;
; SLD_NODE_ENTITY_NAME                 ; sld_signaltap                                            ; --            ; --          ; auto_signaltap_0 ;
; SLD_NODE_PARAMETER_ASSIGNMENT        ; SLD_DATA_BITS=5                                          ; --            ; --          ; auto_signaltap_0 ;
; SLD_NODE_PARAMETER_ASSIGNMENT        ; SLD_TRIGGER_BITS=5                                       ; --            ; --          ; auto_signaltap_0 ;
; SLD_NODE_PARAMETER_ASSIGNMENT        ; SLD_NODE_INFO=805334528                                  ; --            ; --          ; auto_signaltap_0 ;
; SLD_NODE_PARAMETER_ASSIGNMENT        ; SLD_POWER_UP_TRIGGER=0                                   ; --            ; --          ; auto_signaltap_0 ;
; SLD_NODE_PARAMETER_ASSIGNMENT        ; SLD_INVERSION_MASK=0000000000000000000000000000000000000 ; --            ; --          ; auto_signaltap_0 ;
; SLD_NODE_PARAMETER_ASSIGNMENT        ; SLD_INVERSION_MASK_LENGTH=37                             ; --            ; --          ; auto_signaltap_0 ;
; SLD_NODE_PARAMETER_ASSIGNMENT        ; SLD_STORAGE_QUALIFIER_INVERSION_MASK_LENGTH=0            ; --            ; --          ; auto_signaltap_0 ;
; SLD_NODE_PARAMETER_ASSIGNMENT        ; SLD_SEGMENT_SIZE=256                                     ; --            ; --          ; auto_signaltap_0 ;
; SLD_NODE_PARAMETER_ASSIGNMENT        ; SLD_ATTRIBUTE_MEM_MODE=OFF                               ; --            ; --          ; auto_signaltap_0 ;
; SLD_NODE_PARAMETER_ASSIGNMENT        ; SLD_STATE_FLOW_USE_GENERATED=0                           ; --            ; --          ; auto_signaltap_0 ;
; SLD_NODE_PARAMETER_ASSIGNMENT        ; SLD_STATE_BITS=11                                        ; --            ; --          ; auto_signaltap_0 ;
; SLD_NODE_PARAMETER_ASSIGNMENT        ; SLD_BUFFER_FULL_STOP=1                                   ; --            ; --          ; auto_signaltap_0 ;
; SLD_NODE_PARAMETER_ASSIGNMENT        ; SLD_CURRENT_RESOURCE_WIDTH=1                             ; --            ; --          ; auto_signaltap_0 ;
; SLD_NODE_PARAMETER_ASSIGNMENT        ; SLD_NODE_CRC_LOWORD=42970                                ; --            ; --          ; auto_signaltap_0 ;
; SLD_NODE_PARAMETER_ASSIGNMENT        ; SLD_NODE_CRC_HIWORD=61759                                ; --            ; --          ; auto_signaltap_0 ;
; SLD_NODE_PARAMETER_ASSIGNMENT        ; SLD_TRIGGER_LEVEL=1                                      ; --            ; --          ; auto_signaltap_0 ;
; SLD_NODE_PARAMETER_ASSIGNMENT        ; SLD_SAMPLE_DEPTH=256                                     ; --            ; --          ; auto_signaltap_0 ;
; SLD_NODE_PARAMETER_ASSIGNMENT        ; SLD_TRIGGER_IN_ENABLED=0                                 ; --            ; --          ; auto_signaltap_0 ;
; SLD_NODE_PARAMETER_ASSIGNMENT        ; SLD_ADVANCED_TRIGGER_ENTITY=basic,1,                     ; --            ; --          ; auto_signaltap_0 ;
; SLD_NODE_PARAMETER_ASSIGNMENT        ; SLD_TRIGGER_LEVEL_PIPELINE=1                             ; --            ; --          ; auto_signaltap_0 ;
; SLD_NODE_PARAMETER_ASSIGNMENT        ; SLD_ENABLE_ADVANCED_TRIGGER=0                            ; --            ; --          ; auto_signaltap_0 ;
; USE_SIGNALTAP_FILE                   ; led_driver.stp                                           ; --            ; --          ; --               ;
+--------------------------------------+----------------------------------------------------------+---------------+-------------+------------------+


+-------------------------------------------------------------------------------------------------------------------------------+
; Flow Elapsed Time                                                                                                             ;
+---------------------------+--------------+-------------------------+---------------------+------------------------------------+
; Module Name               ; Elapsed Time ; Average Processors Used ; Peak Virtual Memory ; Total CPU Time (on all processors) ;
+---------------------------+--------------+-------------------------+---------------------+------------------------------------+
; Analysis & Synthesis      ; 00:00:11     ; 1.0                     ; 506 MB              ; 00:00:08                           ;
; Fitter                    ; 00:00:09     ; 1.4                     ; 864 MB              ; 00:00:09                           ;
; Assembler                 ; 00:00:02     ; 1.0                     ; 399 MB              ; 00:00:02                           ;
; TimeQuest Timing Analyzer ; 00:00:04     ; 1.0                     ; 449 MB              ; 00:00:04                           ;
; EDA Netlist Writer        ; 00:00:02     ; 1.0                     ; 380 MB              ; 00:00:02                           ;
; Total                     ; 00:00:28     ; --                      ; --                  ; 00:00:25                           ;
+---------------------------+--------------+-------------------------+---------------------+------------------------------------+


+----------------------------------------------------------------------------------------+
; Flow OS Summary                                                                        ;
+---------------------------+------------------+-----------+------------+----------------+
; Module Name               ; Machine Hostname ; OS Name   ; OS Version ; Processor type ;
+---------------------------+------------------+-----------+------------+----------------+
; Analysis & Synthesis      ; hellokity-PC     ; Windows 7 ; 6.1        ; x86_64         ;
; Fitter                    ; hellokity-PC     ; Windows 7 ; 6.1        ; x86_64         ;
; Assembler                 ; hellokity-PC     ; Windows 7 ; 6.1        ; x86_64         ;
; TimeQuest Timing Analyzer ; hellokity-PC     ; Windows 7 ; 6.1        ; x86_64         ;
; EDA Netlist Writer        ; hellokity-PC     ; Windows 7 ; 6.1        ; x86_64         ;
+---------------------------+------------------+-----------+------------+----------------+


------------
; Flow Log ;
------------
quartus_map --read_settings_files=on --write_settings_files=off led_driver -c led_driver
quartus_fit --read_settings_files=off --write_settings_files=off led_driver -c led_driver
quartus_asm --read_settings_files=off --write_settings_files=off led_driver -c led_driver
quartus_sta led_driver -c led_driver
quartus_eda --read_settings_files=off --write_settings_files=off led_driver -c led_driver



